{"/home/runner/work/react-entra-id-authentication/react-entra-id-authentication/src/App.tsx": {"path":"/home/runner/work/react-entra-id-authentication/react-entra-id-authentication/src/App.tsx","statementMap":{"0":{"start":{"line":17,"column":8},"end":{"line":17,"column":32}},"1":{"start":{"line":18,"column":27},"end":{"line":18,"column":63}},"2":{"start":{"line":19,"column":2},"end":{"line":19,"column":null}},"3":{"start":{"line":22,"column":2},"end":{"line":25,"column":null}},"4":{"start":{"line":30,"column":2},"end":{"line":33,"column":null}}},"fnMap":{"0":{"name":"App","decl":{"start":{"line":15,"column":9},"end":{"line":15,"column":13}},"loc":{"start":{"line":15,"column":32},"end":{"line":25,"column":null}},"line":15},"1":{"name":"Pages","decl":{"start":{"line":29,"column":9},"end":{"line":29,"column":17}},"loc":{"start":{"line":29,"column":17},"end":{"line":33,"column":null}},"line":29}},"branchMap":{},"s":{"0":3,"1":3,"2":3,"3":3,"4":3},"f":{"0":3,"1":3},"b":{},"meta":{"lastBranch":0,"lastFunction":2,"lastStatement":5,"seen":{"f:15:9:15:13":0,"s:17:8:17:32":0,"s:18:27:18:63":1,"s:19:2:19:Infinity":2,"s:22:2:25:Infinity":3,"f:29:9:29:17":1,"s:30:2:33:Infinity":4}}}
,"/home/runner/work/react-entra-id-authentication/react-entra-id-authentication/src/CustomApiCall.ts": {"path":"/home/runner/work/react-entra-id-authentication/react-entra-id-authentication/src/CustomApiCall.ts","statementMap":{"0":{"start":{"line":5,"column":18},"end":{"line":5,"column":49}},"1":{"start":{"line":6,"column":2},"end":{"line":9,"column":null}},"2":{"start":{"line":7,"column":4},"end":{"line":9,"column":null}},"3":{"start":{"line":12,"column":19},"end":{"line":16,"column":4}},"4":{"start":{"line":18,"column":18},"end":{"line":18,"column":31}},"5":{"start":{"line":19,"column":17},"end":{"line":19,"column":null}},"6":{"start":{"line":21,"column":2},"end":{"line":21,"column":null}},"7":{"start":{"line":23,"column":18},"end":{"line":26,"column":null}},"8":{"start":{"line":28,"column":2},"end":{"line":32,"column":null}},"9":{"start":{"line":30,"column":6},"end":{"line":30,"column":null}},"10":{"start":{"line":30,"column":34},"end":{"line":30,"column":48}},"11":{"start":{"line":32,"column":22},"end":{"line":32,"column":40}}},"fnMap":{"0":{"name":"callToken","decl":{"start":{"line":4,"column":22},"end":{"line":4,"column":34}},"loc":{"start":{"line":4,"column":34},"end":{"line":32,"column":null}},"line":4},"1":{"name":"(anonymous_1)","decl":{"start":{"line":29,"column":5},"end":{"line":29,"column":11}},"loc":{"start":{"line":29,"column":24},"end":{"line":31,"column":null}},"line":29},"2":{"name":"(anonymous_2)","decl":{"start":{"line":30,"column":22},"end":{"line":30,"column":28}},"loc":{"start":{"line":30,"column":34},"end":{"line":30,"column":48}},"line":30},"3":{"name":"(anonymous_3)","decl":{"start":{"line":32,"column":5},"end":{"line":32,"column":12}},"loc":{"start":{"line":32,"column":22},"end":{"line":32,"column":40}},"line":32}},"branchMap":{"0":{"loc":{"start":{"line":6,"column":2},"end":{"line":9,"column":null}},"type":"if","locations":[{"start":{"line":6,"column":2},"end":{"line":9,"column":null}},{"start":{},"end":{}}],"line":6}},"s":{"0":6,"1":6,"2":1,"3":5,"4":5,"5":5,"6":5,"7":5,"8":5,"9":4,"10":4,"11":1},"f":{"0":6,"1":4,"2":4,"3":1},"b":{"0":[1,5]},"meta":{"lastBranch":1,"lastFunction":4,"lastStatement":12,"seen":{"f:4:22:4:34":0,"s:5:18:5:49":0,"b:6:2:9:Infinity:undefined:undefined:undefined:undefined":0,"s:6:2:9:Infinity":1,"s:7:4:9:Infinity":2,"s:12:19:16:4":3,"s:18:18:18:31":4,"s:19:17:19:Infinity":5,"s:21:2:21:Infinity":6,"s:23:18:26:Infinity":7,"s:28:2:32:Infinity":8,"f:29:5:29:11":1,"s:30:6:30:Infinity":9,"f:30:22:30:28":2,"s:30:34:30:48":10,"f:32:5:32:12":3,"s:32:22:32:40":11}}}
,"/home/runner/work/react-entra-id-authentication/react-entra-id-authentication/src/ErrorComponent.tsx": {"path":"/home/runner/work/react-entra-id-authentication/react-entra-id-authentication/src/ErrorComponent.tsx","statementMap":{"0":{"start":{"line":4,"column":13},"end":{"line":5,"column":null}},"1":{"start":{"line":5,"column":4},"end":{"line":5,"column":null}}},"fnMap":{"0":{"name":"(anonymous_0)","decl":{"start":{"line":4,"column":13},"end":{"line":4,"column":67}},"loc":{"start":{"line":4,"column":79},"end":{"line":5,"column":null}},"line":4}},"branchMap":{"0":{"loc":{"start":{"line":5,"column":36},"end":{"line":5,"column":84}},"type":"cond-expr","locations":[{"start":{"line":5,"column":44},"end":{"line":5,"column":62}},{"start":{"line":5,"column":62},"end":{"line":5,"column":84}}],"line":5}},"s":{"0":2,"1":3},"f":{"0":3},"b":{"0":[1,2]},"meta":{"lastBranch":1,"lastFunction":1,"lastStatement":2,"seen":{"s:4:13:5:Infinity":0,"f:4:13:4:67":0,"s:5:4:5:Infinity":1,"b:5:44:5:62:5:62:5:84":0}}}
,"/home/runner/work/react-entra-id-authentication/react-entra-id-authentication/src/Home.tsx": {"path":"/home/runner/work/react-entra-id-authentication/react-entra-id-authentication/src/Home.tsx","statementMap":{"0":{"start":{"line":8,"column":2},"end":{"line":13,"column":null}}},"fnMap":{"0":{"name":"Home","decl":{"start":{"line":7,"column":16},"end":{"line":7,"column":23}},"loc":{"start":{"line":7,"column":23},"end":{"line":13,"column":null}},"line":7}},"branchMap":{},"s":{"0":4},"f":{"0":4},"b":{},"meta":{"lastBranch":0,"lastFunction":1,"lastStatement":1,"seen":{"f:7:16:7:23":0,"s:8:2:13:Infinity":0}}}
,"/home/runner/work/react-entra-id-authentication/react-entra-id-authentication/src/Loading.tsx": {"path":"/home/runner/work/react-entra-id-authentication/react-entra-id-authentication/src/Loading.tsx","statementMap":{"0":{"start":{"line":3,"column":13},"end":{"line":4,"column":null}},"1":{"start":{"line":4,"column":4},"end":{"line":4,"column":null}}},"fnMap":{"0":{"name":"(anonymous_0)","decl":{"start":{"line":3,"column":13},"end":{"line":3,"column":29}},"loc":{"start":{"line":3,"column":29},"end":{"line":4,"column":null}},"line":3}},"branchMap":{},"s":{"0":2,"1":2},"f":{"0":2},"b":{},"meta":{"lastBranch":0,"lastFunction":1,"lastStatement":2,"seen":{"s:3:13:4:Infinity":0,"f:3:13:3:29":0,"s:4:4:4:Infinity":1}}}
,"/home/runner/work/react-entra-id-authentication/react-entra-id-authentication/src/MsGraphApiCall.ts": {"path":"/home/runner/work/react-entra-id-authentication/react-entra-id-authentication/src/MsGraphApiCall.ts","statementMap":{"0":{"start":{"line":6,"column":18},"end":{"line":6,"column":49}},"1":{"start":{"line":7,"column":2},"end":{"line":10,"column":null}},"2":{"start":{"line":8,"column":4},"end":{"line":10,"column":null}},"3":{"start":{"line":13,"column":19},"end":{"line":16,"column":4}},"4":{"start":{"line":18,"column":2},"end":{"line":18,"column":null}},"5":{"start":{"line":20,"column":18},"end":{"line":20,"column":31}},"6":{"start":{"line":21,"column":17},"end":{"line":21,"column":null}},"7":{"start":{"line":24,"column":2},"end":{"line":24,"column":null}},"8":{"start":{"line":26,"column":18},"end":{"line":29,"column":null}},"9":{"start":{"line":31,"column":2},"end":{"line":33,"column":null}},"10":{"start":{"line":32,"column":24},"end":{"line":32,"column":39}},"11":{"start":{"line":33,"column":22},"end":{"line":33,"column":40}}},"fnMap":{"0":{"name":"callMsGraph","decl":{"start":{"line":4,"column":22},"end":{"line":4,"column":36}},"loc":{"start":{"line":4,"column":36},"end":{"line":33,"column":null}},"line":4},"1":{"name":"(anonymous_1)","decl":{"start":{"line":32,"column":5},"end":{"line":32,"column":11}},"loc":{"start":{"line":32,"column":24},"end":{"line":32,"column":39}},"line":32},"2":{"name":"(anonymous_2)","decl":{"start":{"line":33,"column":5},"end":{"line":33,"column":12}},"loc":{"start":{"line":33,"column":22},"end":{"line":33,"column":40}},"line":33}},"branchMap":{"0":{"loc":{"start":{"line":7,"column":2},"end":{"line":10,"column":null}},"type":"if","locations":[{"start":{"line":7,"column":2},"end":{"line":10,"column":null}},{"start":{},"end":{}}],"line":7}},"s":{"0":6,"1":6,"2":1,"3":5,"4":5,"5":5,"6":5,"7":5,"8":5,"9":5,"10":4,"11":1},"f":{"0":6,"1":4,"2":1},"b":{"0":[1,5]},"meta":{"lastBranch":1,"lastFunction":3,"lastStatement":12,"seen":{"f:4:22:4:36":0,"s:6:18:6:49":0,"b:7:2:10:Infinity:undefined:undefined:undefined:undefined":0,"s:7:2:10:Infinity":1,"s:8:4:10:Infinity":2,"s:13:19:16:4":3,"s:18:2:18:Infinity":4,"s:20:18:20:31":5,"s:21:17:21:Infinity":6,"s:24:2:24:Infinity":7,"s:26:18:29:Infinity":8,"s:31:2:33:Infinity":9,"f:32:5:32:11":1,"s:32:24:32:39":10,"f:33:5:33:12":2,"s:33:22:33:40":11}}}
,"/home/runner/work/react-entra-id-authentication/react-entra-id-authentication/src/NavigationClient.ts": {"path":"/home/runner/work/react-entra-id-authentication/react-entra-id-authentication/src/NavigationClient.ts","statementMap":{"0":{"start":{"line":11,"column":4},"end":{"line":11,"column":null}},"1":{"start":{"line":12,"column":4},"end":{"line":12,"column":null}},"2":{"start":{"line":22,"column":25},"end":{"line":22,"column":64}},"3":{"start":{"line":23,"column":4},"end":{"line":26,"column":null}},"4":{"start":{"line":24,"column":6},"end":{"line":24,"column":null}},"5":{"start":{"line":26,"column":6},"end":{"line":26,"column":null}},"6":{"start":{"line":29,"column":4},"end":{"line":29,"column":null}}},"fnMap":{"0":{"name":"(anonymous_0)","decl":{"start":{"line":10,"column":2},"end":{"line":10,"column":14}},"loc":{"start":{"line":10,"column":42},"end":{"line":12,"column":null}},"line":10},"1":{"name":"(anonymous_1)","decl":{"start":{"line":21,"column":8},"end":{"line":21,"column":25}},"loc":{"start":{"line":21,"column":66},"end":{"line":29,"column":null}},"line":21}},"branchMap":{"0":{"loc":{"start":{"line":23,"column":4},"end":{"line":26,"column":null}},"type":"if","locations":[{"start":{"line":23,"column":4},"end":{"line":26,"column":null}},{"start":{"line":25,"column":11},"end":{"line":26,"column":null}}],"line":23}},"s":{"0":4,"1":4,"2":5,"3":5,"4":2,"5":3,"6":5},"f":{"0":4,"1":5},"b":{"0":[2,3]},"meta":{"lastBranch":1,"lastFunction":2,"lastStatement":7,"seen":{"f:10:2:10:14":0,"s:11:4:11:Infinity":0,"s:12:4:12:Infinity":1,"f:21:8:21:25":1,"s:22:25:22:64":2,"b:23:4:26:Infinity:25:11:26:Infinity":0,"s:23:4:26:Infinity":3,"s:24:6:24:Infinity":4,"s:26:6:26:Infinity":5,"s:29:4:29:Infinity":6}}}
,"/home/runner/work/react-entra-id-authentication/react-entra-id-authentication/src/Profile.tsx": {"path":"/home/runner/work/react-entra-id-authentication/react-entra-id-authentication/src/Profile.tsx","statementMap":{"0":{"start":{"line":17,"column":6},"end":{"line":39,"column":null}},"1":{"start":{"line":18,"column":20},"end":{"line":18,"column":44}},"2":{"start":{"line":19,"column":20},"end":{"line":19,"column":50}},"3":{"start":{"line":21,"column":2},"end":{"line":35,"column":null}},"4":{"start":{"line":23,"column":4},"end":{"line":33,"column":null}},"5":{"start":{"line":24,"column":6},"end":{"line":33,"column":null}},"6":{"start":{"line":25,"column":28},"end":{"line":25,"column":50}},"7":{"start":{"line":27,"column":10},"end":{"line":31,"column":null}},"8":{"start":{"line":28,"column":12},"end":{"line":31,"column":null}},"9":{"start":{"line":37,"column":2},"end":{"line":39,"column":null}},"10":{"start":{"line":38,"column":12},"end":{"line":38,"column":38}},"11":{"start":{"line":43,"column":22},"end":{"line":44,"column":null}},"12":{"start":{"line":47,"column":2},"end":{"line":57,"column":null}}},"fnMap":{"0":{"name":"(anonymous_0)","decl":{"start":{"line":17,"column":6},"end":{"line":17,"column":29}},"loc":{"start":{"line":17,"column":29},"end":{"line":39,"column":null}},"line":17},"1":{"name":"(anonymous_1)","decl":{"start":{"line":21,"column":2},"end":{"line":21,"column":18}},"loc":{"start":{"line":21,"column":18},"end":{"line":35,"column":6}},"line":21},"2":{"name":"(anonymous_2)","decl":{"start":{"line":25,"column":9},"end":{"line":25,"column":15}},"loc":{"start":{"line":25,"column":28},"end":{"line":25,"column":50}},"line":25},"3":{"name":"(anonymous_3)","decl":{"start":{"line":26,"column":9},"end":{"line":26,"column":16}},"loc":{"start":{"line":26,"column":22},"end":{"line":33,"column":null}},"line":26},"4":{"name":"(anonymous_4)","decl":{"start":{"line":38,"column":12},"end":{"line":38,"column":27}},"loc":{"start":{"line":38,"column":12},"end":{"line":38,"column":38}},"line":38},"5":{"name":"Profile","decl":{"start":{"line":42,"column":16},"end":{"line":42,"column":26}},"loc":{"start":{"line":42,"column":26},"end":{"line":57,"column":null}},"line":42}},"branchMap":{"0":{"loc":{"start":{"line":23,"column":4},"end":{"line":33,"column":null}},"type":"if","locations":[{"start":{"line":23,"column":4},"end":{"line":33,"column":null}},{"start":{},"end":{}}],"line":23},"1":{"loc":{"start":{"line":23,"column":8},"end":{"line":23,"column":61}},"type":"binary-expr","locations":[{"start":{"line":23,"column":8},"end":{"line":23,"column":22}},{"start":{"line":23,"column":22},"end":{"line":23,"column":61}}],"line":23},"2":{"loc":{"start":{"line":27,"column":10},"end":{"line":31,"column":null}},"type":"if","locations":[{"start":{"line":27,"column":10},"end":{"line":31,"column":null}},{"start":{},"end":{}}],"line":27}},"s":{"0":1,"1":11,"2":11,"3":11,"4":11,"5":7,"6":5,"7":2,"8":1,"9":11,"10":1,"11":8,"12":8},"f":{"0":11,"1":11,"2":5,"3":2,"4":1,"5":8},"b":{"0":[7,4],"1":[11,8],"2":[1,1]},"meta":{"lastBranch":3,"lastFunction":6,"lastStatement":13,"seen":{"s:17:6:39:Infinity":0,"f:17:6:17:29":0,"s:18:20:18:44":1,"s:19:20:19:50":2,"s:21:2:35:Infinity":3,"f:21:2:21:18":1,"b:23:4:33:Infinity:undefined:undefined:undefined:undefined":0,"s:23:4:33:Infinity":4,"b:23:8:23:22:23:22:23:61":1,"s:24:6:33:Infinity":5,"f:25:9:25:15":2,"s:25:28:25:50":6,"f:26:9:26:16":3,"b:27:10:31:Infinity:undefined:undefined:undefined:undefined":2,"s:27:10:31:Infinity":7,"s:28:12:31:Infinity":8,"s:37:2:39:Infinity":9,"f:38:12:38:27":4,"s:38:12:38:38":10,"f:42:16:42:26":5,"s:43:22:44:Infinity":11,"s:47:2:57:Infinity":12}}}
,"/home/runner/work/react-entra-id-authentication/react-entra-id-authentication/src/msalConfig.ts": {"path":"/home/runner/work/react-entra-id-authentication/react-entra-id-authentication/src/msalConfig.ts","statementMap":{"0":{"start":{"line":3,"column":41},"end":{"line":19,"column":null}},"1":{"start":{"line":15,"column":8},"end":{"line":15,"column":null}},"2":{"start":{"line":22,"column":39},"end":{"line":23,"column":null}},"3":{"start":{"line":27,"column":42},"end":{"line":28,"column":null}},"4":{"start":{"line":32,"column":27},"end":{"line":33,"column":null}}},"fnMap":{"0":{"name":"(anonymous_0)","decl":{"start":{"line":14,"column":6},"end":{"line":14,"column":21}},"loc":{"start":{"line":14,"column":37},"end":{"line":17,"column":null}},"line":14}},"branchMap":{},"s":{"0":4,"1":1,"2":4,"3":4,"4":4},"f":{"0":1},"b":{},"meta":{"lastBranch":0,"lastFunction":1,"lastStatement":5,"seen":{"s:3:41:19:Infinity":0,"f:14:6:14:21":0,"s:15:8:15:Infinity":1,"s:22:39:23:Infinity":2,"s:27:42:28:Infinity":3,"s:32:27:33:Infinity":4}}}
,"/home/runner/work/react-entra-id-authentication/react-entra-id-authentication/src/__tests__/vitest.d.ts": {"path":"/home/runner/work/react-entra-id-authentication/react-entra-id-authentication/src/__tests__/vitest.d.ts","statementMap":{},"fnMap":{},"branchMap":{},"s":{},"f":{},"b":{},"meta":{"lastBranch":0,"lastFunction":0,"lastStatement":0,"seen":{}}}
}
